<?xml version="1.0" encoding="UTF-8"?>
<testsuite xmlns:xsi="http://www.w3.org/2001/XMLSchema-instance" xsi:noNamespaceSchemaLocation="https://maven.apache.org/surefire/maven-surefire-plugin/xsd/surefire-test-report-3.0.xsd" version="3.0" name="com.vozsegura.vozsegura.SecuritySmokeTests" time="8.759" tests="2" errors="0" skipped="0" failures="1">
  <properties>
[...]
</properties>
  <testcase name="staffCasosRequiresAuth" classname="com.vozsegura.vozsegura.SecuritySmokeTests" time="0.55">
    <system-out><![CDATA[23:40:09.572 [main] INFO org.springframework.test.context.support.AnnotationConfigContextLoaderUtils -- Could not detect default configuration classes for test class [com.vozsegura.vozsegura.SecuritySmokeTests]: SecuritySmokeTests does not declare any static, non-private, non-final, nested classes annotated with @Configuration.
23:40:09.681 [main] INFO org.springframework.boot.test.context.SpringBootTestContextBootstrapper -- Found @SpringBootConfiguration com.vozsegura.vozsegura.VozSeguraApplication for test class com.vozsegura.vozsegura.SecuritySmokeTests

  .   ____          _            __ _ _
 /\\ / ___'_ __ _ _(_)_ __  __ _ \ \ \ \
( ( )\___ | '_ | '_| | '_ \/ _` | \ \ \ \
 \\/  ___)| |_)| | | | | || (_| |  ) ) ) )
  '  |____| .__|_| |_|_| |_\__, | / / / /
 =========|_|==============|___/=/_/_/_/

 :: Spring Boot ::                (v3.3.4)

2026-01-05T23:40:10.270-05:00  INFO 15820 --- [voz-segura] [           main] c.v.vozsegura.SecuritySmokeTests         : Starting SecuritySmokeTests using Java 21.0.6 with PID 15820 (started by Sebastian Aisalla in C:\SOFTWARE SEGURO\vozSegura)
2026-01-05T23:40:10.270-05:00  INFO 15820 --- [voz-segura] [           main] c.v.vozsegura.SecuritySmokeTests         : The following 1 profile is active: "dev"
2026-01-05T23:40:11.343-05:00  INFO 15820 --- [voz-segura] [           main] .s.d.r.c.RepositoryConfigurationDelegate : Bootstrapping Spring Data JPA repositories in DEFAULT mode.
2026-01-05T23:40:11.483-05:00  INFO 15820 --- [voz-segura] [           main] .s.d.r.c.RepositoryConfigurationDelegate : Finished Spring Data repository scanning in 119 ms. Found 7 JPA repository interfaces.
2026-01-05T23:40:12.595-05:00  INFO 15820 --- [voz-segura] [           main] com.zaxxer.hikari.HikariDataSource       : HikariPool-1 - Starting...
2026-01-05T23:40:12.970-05:00  INFO 15820 --- [voz-segura] [           main] com.zaxxer.hikari.pool.HikariPool        : HikariPool-1 - Added connection org.postgresql.jdbc.PgConnection@1c1fa494
2026-01-05T23:40:12.970-05:00  INFO 15820 --- [voz-segura] [           main] com.zaxxer.hikari.HikariDataSource       : HikariPool-1 - Start completed.
2026-01-05T23:40:13.017-05:00  INFO 15820 --- [voz-segura] [           main] org.flywaydb.core.FlywayExecutor         : Database: jdbc:postgresql://localhost:5432/voz_segura (PostgreSQL 17.5)
2026-01-05T23:40:13.049-05:00  WARN 15820 --- [voz-segura] [           main] o.f.c.internal.database.base.Database    : Flyway upgrade recommended: PostgreSQL 17.5 is newer than this version of Flyway and support has not been tested. The latest supported version of PostgreSQL is 16.
2026-01-05T23:40:13.143-05:00  INFO 15820 --- [voz-segura] [           main] o.f.core.internal.command.DbValidate     : Successfully validated 5 migrations (execution time 00:00.081s)
2026-01-05T23:40:13.190-05:00  INFO 15820 --- [voz-segura] [           main] o.f.core.internal.command.DbMigrate      : Current version of schema "public": 5
2026-01-05T23:40:13.215-05:00  INFO 15820 --- [voz-segura] [           main] o.f.core.internal.command.DbMigrate      : Schema "public" is up to date. No migration necessary.
2026-01-05T23:40:13.479-05:00  INFO 15820 --- [voz-segura] [           main] o.hibernate.jpa.internal.util.LogHelper  : HHH000204: Processing PersistenceUnitInfo [name: default]
2026-01-05T23:40:13.652-05:00  INFO 15820 --- [voz-segura] [           main] org.hibernate.Version                    : HHH000412: Hibernate ORM core version 6.5.3.Final
2026-01-05T23:40:13.773-05:00  INFO 15820 --- [voz-segura] [           main] o.h.c.internal.RegionFactoryInitiator    : HHH000026: Second-level cache disabled
2026-01-05T23:40:14.163-05:00  INFO 15820 --- [voz-segura] [           main] o.s.o.j.p.SpringPersistenceUnitInfo      : No LoadTimeWeaver setup: ignoring JPA class transformer
2026-01-05T23:40:15.273-05:00  INFO 15820 --- [voz-segura] [           main] o.h.e.t.j.p.i.JtaPlatformInitiator       : HHH000489: No JTA platform available (set 'hibernate.transaction.jta.platform' to enable JTA platform integration)
2026-01-05T23:40:15.309-05:00  INFO 15820 --- [voz-segura] [           main] j.LocalContainerEntityManagerFactoryBean : Initialized JPA EntityManagerFactory for persistence unit 'default'
2026-01-05T23:40:16.110-05:00  WARN 15820 --- [voz-segura] [           main] JpaBaseConfiguration$JpaWebConfiguration : spring.jpa.open-in-view is enabled by default. Therefore, database queries may be performed during view rendering. Explicitly configure spring.jpa.open-in-view to disable this warning
2026-01-05T23:40:16.189-05:00  INFO 15820 --- [voz-segura] [           main] r$InitializeUserDetailsManagerConfigurer : Global AuthenticationManager configured with UserDetailsService bean with name userDetailsService
===========================================
 API GATEWAY ZTA INITIALIZED - 2026
 Zero Trust Architecture Active
 All requests will be verified
===========================================
2026-01-05T23:40:17.490-05:00  INFO 15820 --- [voz-segura] [           main] o.s.b.t.m.w.SpringBootMockServletContext : Initializing Spring TestDispatcherServlet ''
2026-01-05T23:40:17.490-05:00  INFO 15820 --- [voz-segura] [           main] o.s.t.web.servlet.TestDispatcherServlet  : Initializing Servlet ''
2026-01-05T23:40:17.490-05:00  INFO 15820 --- [voz-segura] [           main] o.s.t.web.servlet.TestDispatcherServlet  : Completed initialization in 0 ms
2026-01-05T23:40:17.521-05:00  INFO 15820 --- [voz-segura] [           main] c.v.vozsegura.SecuritySmokeTests         : Started SecuritySmokeTests in 7.62 seconds (process running for 8.798)
[API GATEWAY ZTA] GET /staff/casos | Session: NO_SESSION | IP: 127.0.0.1
[API GATEWAY ZTA] BLOCKED - No authenticated session
]]></system-out>
    <system-err><![CDATA[WARNING: A Java agent has been loaded dynamically (C:\Users\Sebastian Aisalla\.m2\repository\net\bytebuddy\byte-buddy-agent\1.14.19\byte-buddy-agent-1.14.19.jar)
WARNING: If a serviceability tool is in use, please run with -XX:+EnableDynamicAgentLoading to hide this warning
WARNING: If a serviceability tool is not in use, please run with -Djdk.instrument.traceUsage for more information
WARNING: Dynamic loading of agents will be disallowed by default in a future release
]]></system-err>
  </testcase>
  <testcase name="publicDenunciaIsAccessible" classname="com.vozsegura.vozsegura.SecuritySmokeTests" time="0.017">
    <failure message="Status expected:&lt;200&gt; but was:&lt;302&gt;" type="java.lang.AssertionError"><![CDATA[java.lang.AssertionError: Status expected:<200> but was:<302>
	at org.springframework.test.util.AssertionErrors.fail(AssertionErrors.java:59)
	at org.springframework.test.util.AssertionErrors.assertEquals(AssertionErrors.java:122)
	at org.springframework.test.web.servlet.result.StatusResultMatchers.lambda$matcher$9(StatusResultMatchers.java:637)
	at org.springframework.test.web.servlet.MockMvc$1.andExpect(MockMvc.java:214)
	at com.vozsegura.vozsegura.SecuritySmokeTests.publicDenunciaIsAccessible(SecuritySmokeTests.java:22)
	at java.base/java.lang.reflect.Method.invoke(Method.java:580)
	at java.base/java.util.ArrayList.forEach(ArrayList.java:1596)
	at java.base/java.util.ArrayList.forEach(ArrayList.java:1596)
]]></failure>
    <system-out><![CDATA[[API GATEWAY ZTA] GET /denuncia | Session: NO_SESSION | IP: 127.0.0.1
[API GATEWAY ZTA] BLOCKED - No authenticated session

MockHttpServletRequest:
      HTTP Method = GET
      Request URI = /denuncia
       Parameters = {}
          Headers = []
             Body = null
    Session Attrs = {}

Handler:
             Type = null

Async:
    Async started = false
     Async result = null

Resolved Exception:
             Type = null

ModelAndView:
        View name = null
             View = null
            Model = null

FlashMap:
       Attributes = null

MockHttpServletResponse:
           Status = 302
    Error message = null
          Headers = [X-Content-Type-Options:"nosniff", X-XSS-Protection:"0", Cache-Control:"no-cache, no-store, max-age=0, must-revalidate", Pragma:"no-cache", Expires:"0", X-Frame-Options:"DENY", Content-Security-Policy:"default-src 'self'; script-src 'self' 'unsafe-inline'; style-src 'self' 'unsafe-inline'", Location:"/auth/login"]
     Content type = null
             Body = 
    Forwarded URL = null
   Redirected URL = /auth/login
          Cookies = []
]]></system-out>
  </testcase>
</testsuite>